<?xml version="1.0" encoding="UTF-8"?>
<testsuite xmlns:xsi="http://www.w3.org/2001/XMLSchema-instance" xsi:noNamespaceSchemaLocation="https://maven.apache.org/surefire/maven-surefire-plugin/xsd/surefire-test-report.xsd" name="com.jiraRestApi.datajiramongodb.JiraIssueTest" time="0.071" tests="4" errors="0" skipped="0" failures="0">
  <properties>
[...]
</properties>
  <testcase name="testToString" classname="com.jiraRestApi.datajiramongodb.JiraIssueTest" time="0.004"/>
  <testcase name="GetterSetter" classname="com.jiraRestApi.datajiramongodb.JiraIssueTest" time="0.001"/>
  <testcase name="TestJiraIssuesConstructor" classname="com.jiraRestApi.datajiramongodb.JiraIssueTest" time="0"/>
  <testcase name="testEquals" classname="com.jiraRestApi.datajiramongodb.JiraIssueTest" time="0.016"/>
</testsuite>